[22:17:56][fenril][warn] Battle list detected but has 0 entries. Check Tibia battle list filters (Players/NPCs/Monsters) and ensure the list is visible in the capture. (diag: icon=True bottom=True grace=False)
[22:17:56][fenril][info] cave_enabled=True runToCreatures=True way=waypoint coord=(32681, 31685, 7) task=walk root=useLadderWaypoint reason=set task: useLadder
[22:17:56][fenril][info] Tick reason changed: set task: useLadder
[22:17:58][fenril][info] cave_enabled=True runToCreatures=True way=waypoint coord=(32681, 31682, 7) task=walk root=useLadderWaypoint reason=set task: useLadder
[22:18:00][fenril][info] cave_enabled=True runToCreatures=True way=waypoint coord=(32678, 31680, 7) task=walk root=useLadderWaypoint reason=set task: useLadder
[22:18:03][fenril][info] cave_enabled=True runToCreatures=True way=waypoint coord=(32670, 31680, 7) task=useLadderWaypoint root=None reason=set task: useLadder
[22:18:05][fenril][info] cave_enabled=True runToCreatures=True way=waypoint coord=(32666, 31680, 7) task=walk root=useLadderWaypoint reason=set task: useLadder
[22:18:06][fenril][warn] Battle list detected but has 0 entries. Check Tibia battle list filters (Players/NPCs/Monsters) and ensure the list is visible in the capture. (diag: icon=True bottom=True grace=False)
[22:18:07][fenril][info] cave_enabled=True runToCreatures=True way=waypoint coord=(32661, 31680, 7) task=walk root=useLadderWaypoint reason=set task: useLadder
[22:18:10][fenril][info] cave_enabled=True runToCreatures=True way=waypoint coord=(32659, 31678, 7) task=walk root=useLadderWaypoint reason=set task: useLadder
[22:18:12][fenril][info] cave_enabled=True runToCreatures=True way=waypoint coord=(32658, 31675, 7) task=walk root=useLadderWaypoint reason=set task: useLadder
[22:18:14][fenril][info] cave_enabled=True runToCreatures=True way=waypoint coord=(32654, 31675, 8) task=useLadderWaypoint root=None reason=set task: useLadder
[22:18:15][fenril][info] Tick reason changed: set task: walk
[22:18:16][fenril][info] cave_enabled=True runToCreatures=True way=waypoint coord=(32654, 31673, 7) task=walkToWaypoint root=None reason=set task: walk
[22:18:16][fenril][warn] Battle list detected but has 0 entries. Check Tibia battle list filters (Players/NPCs/Monsters) and ensure the list is visible in the capture. (diag: icon=True bottom=True grace=False)
[22:18:17][fenril][info] Tick reason changed: set task: useRope
[22:18:18][fenril][info] cave_enabled=True runToCreatures=True way=waypoint coord=(32654, 31675, 8) task=useRope root=useRopeWaypoint reason=set task: useRope
[22:18:20][fenril][info] cave_enabled=True runToCreatures=True way=waypoint coord=(32655, 31674, 7) task=useRope root=useRopeWaypoint reason=set task: useRope
[22:18:22][fenril][info] cave_enabled=True runToCreatures=True way=waypoint coord=(32655, 31674, 7) task=useRope root=useRopeWaypoint reason=set task: useRope
[22:18:23][fenril][info] Tick reason changed: set task: useLadder
[22:18:24][fenril][info] cave_enabled=True runToCreatures=True way=waypoint coord=(32656, 31676, 7) task=rightClickUse root=useLadderWaypoint reason=set task: useLadder
[22:18:26][fenril][info] cave_enabled=True runToCreatures=True way=waypoint coord=(32656, 31676, 7) task=rightClickUse root=useLadderWaypoint reason=set task: useLadder
[22:18:26][fenril][warn] Battle list detected but has 0 entries. Check Tibia battle list filters (Players/NPCs/Monsters) and ensure the list is visible in the capture. (diag: icon=True bottom=True grace=False)
[22:18:28][fenril][info] cave_enabled=True runToCreatures=True way=waypoint coord=(32656, 31676, 7) task=rightClickUse root=useLadderWaypoint reason=set task: useLadder
[22:18:30][fenril][info] cave_enabled=True runToCreatures=True way=waypoint coord=(32656, 31676, 7) task=walk root=useLadderWaypoint reason=set task: useLadder
[22:18:32][fenril][info] cave_enabled=True runToCreatures=True way=waypoint coord=(32656, 31674, 7) task=rightClickUse root=useLadderWaypoint reason=set task: useLadder
[22:18:34][fenril][info] cave_enabled=True runToCreatures=True way=waypoint coord=(32656, 31674, 7) task=rightClickUse root=useLadderWaypoint reason=set task: useLadder
[22:18:37][fenril][info] cave_enabled=True runToCreatures=True way=waypoint coord=(32656, 31675, 6) task=walk root=walkToWaypoint reason=set task: walk
[22:18:37][fenril][info] Tick reason changed: set task: walk
[22:18:37][fenril][warn] Battle list detected but has 0 entries. Check Tibia battle list filters (Players/NPCs/Monsters) and ensure the list is visible in the capture. (diag: icon=True bottom=True grace=False)
[22:18:39][fenril][info] cave_enabled=True runToCreatures=True way=waypoint coord=(32658, 31678, 6) task=walk root=walkToWaypoint reason=set task: walk
[22:18:41][fenril][info] cave_enabled=True runToCreatures=True way=waypoint coord=(32661, 31681, 6) task=walk root=walkToWaypoint reason=set task: walk
[22:18:43][fenril][info] cave_enabled=True runToCreatures=True way=waypoint coord=(32664, 31683, 6) task=walk root=walkToWaypoint reason=set task: walk
[22:18:45][fenril][info] cave_enabled=True runToCreatures=True way=waypoint coord=(32667, 31686, 6) task=walk root=walkToWaypoint reason=set task: walk
[22:18:47][fenril][info] cave_enabled=True runToCreatures=True way=waypoint coord=(32670, 31688, 6) task=walk root=walkToWaypoint reason=set task: walk
[22:18:47][fenril][warn] Battle list detected but has 0 entries. Check Tibia battle list filters (Players/NPCs/Monsters) and ensure the list is visible in the capture. (diag: icon=True bottom=True grace=False)
[22:18:49][fenril][info] cave_enabled=True runToCreatures=True way=waypoint coord=(32676, 31688, 6) task=walk root=walkToWaypoint reason=set task: walk
[22:18:51][fenril][info] cave_enabled=True runToCreatures=True way=waypoint coord=(32678, 31691, 6) task=walk root=walkToWaypoint reason=set task: walk
[22:18:53][fenril][info] cave_enabled=True runToCreatures=True way=waypoint coord=(32681, 31689, 6) task=walk root=walkToWaypoint reason=set task: walk
[22:18:54][fenril][warn] goToFreeDepot: missing waypoint.options.city; inferring from visible depots
[22:18:54][fenril][info] Tick reason changed: set task: depositItems
[22:18:55][fenril][info] cave_enabled=True runToCreatures=True way=waypoint coord=(32680, 31685, 6) task=walk root=depositItems reason=set task: depositItems
[22:18:57][fenril][info] cave_enabled=True runToCreatures=True way=waypoint coord=(32679, 31685, 6) task=openLocker root=depositItems reason=set task: depositItems
[22:18:57][fenril][warn] Battle list detected but has 0 entries. Check Tibia battle list filters (Players/NPCs/Monsters) and ensure the list is visible in the capture. (diag: icon=True bottom=True grace=False)
[22:18:59][fenril][info] cave_enabled=True runToCreatures=True way=waypoint coord=(32679, 31685, 6) task=openLocker root=depositItems reason=set task: depositItems
[22:19:01][fenril][info] cave_enabled=True runToCreatures=True way=waypoint coord=(32679, 31685, 6) task=openLocker root=depositItems reason=set task: depositItems
[22:19:03][fenril][info] cave_enabled=True runToCreatures=True way=waypoint coord=(32679, 31685, 6) task=openLocker root=depositItems reason=set task: depositItems
[22:19:05][fenril][info] cave_enabled=True runToCreatures=True way=waypoint coord=(32679, 31685, 6) task=openLocker root=depositItems reason=set task: depositItems
[22:19:07][fenril][warn] Battle list detected but has 0 entries. Check Tibia battle list filters (Players/NPCs/Monsters) and ensure the list is visible in the capture. (diag: icon=True bottom=True grace=False)
[22:19:07][fenril][info] cave_enabled=True runToCreatures=True way=waypoint coord=(32679, 31685, 6) task=openLocker root=depositItems reason=set task: depositItems
[22:19:07][fenril][info] Tick reason changed: depositItems timeout (skipping)
[22:19:07][fenril][info] Tick reason changed: set task: walk
[22:19:09][fenril][info] cave_enabled=True runToCreatures=True way=waypoint coord=(32681, 31683, 6) task=walk root=walkToWaypoint reason=set task: walk
[22:19:11][fenril][info] cave_enabled=True runToCreatures=True way=waypoint coord=(32681, 31683, 6) task=walkToWaypoint root=None reason=set task: walk
[22:19:13][fenril][info] cave_enabled=True runToCreatures=True way=waypoint coord=(32681, 31683, 6) task=walk root=walkToWaypoint reason=set task: walk
[22:19:15][fenril][info] cave_enabled=True runToCreatures=True way=waypoint coord=(32681, 31683, 6) task=walk root=walkToWaypoint reason=set task: walk
[22:19:17][fenril][warn] Battle list detected but has 0 entries. Check Tibia battle list filters (Players/NPCs/Monsters) and ensure the list is visible in the capture. (diag: icon=True bottom=True grace=False)
[22:19:17][fenril][info] cave_enabled=True runToCreatures=True way=waypoint coord=(32681, 31683, 6) task=walk root=walkToWaypoint reason=set task: walk
[22:19:19][fenril][info] cave_enabled=True runToCreatures=True way=waypoint coord=(32681, 31680, 6) task=walk root=walkToWaypoint reason=set task: walk
[22:19:21][fenril][info] cave_enabled=True runToCreatures=True way=waypoint coord=(32681, 31675, 6) task=walk root=walkToWaypoint reason=set task: walk
[22:19:23][fenril][info] cave_enabled=True runToCreatures=True way=waypoint coord=(32681, 31670, 6) task=walk root=walkToWaypoint reason=set task: walk
[22:19:25][fenril][info] cave_enabled=True runToCreatures=True way=waypoint coord=(32681, 31664, 6) task=walk root=walkToWaypoint reason=set task: walk
[22:19:27][fenril][warn] Battle list detected but has 0 entries. Check Tibia battle list filters (Players/NPCs/Monsters) and ensure the list is visible in the capture. (diag: icon=True bottom=True grace=False)
[22:19:27][fenril][info] cave_enabled=True runToCreatures=True way=waypoint coord=(32676, 31664, 6) task=walk root=walkToWaypoint reason=set task: walk
[22:19:29][fenril][info] cave_enabled=True runToCreatures=True way=waypoint coord=(32671, 31663, 6) task=walk root=walkToWaypoint reason=set task: walk
[22:19:31][fenril][info] cave_enabled=True runToCreatures=True way=waypoint coord=(32670, 31659, 6) task=walk root=walkToWaypoint reason=set task: walk
[22:19:33][fenril][info] cave_enabled=True runToCreatures=True way=waypoint coord=(32669, 31663, 6) task=walk root=walkToWaypoint reason=set task: walk
[22:19:35][fenril][info] cave_enabled=True runToCreatures=True way=waypoint coord=(32664, 31663, 6) task=walk root=walkToWaypoint reason=set task: walk
[22:19:37][fenril][warn] Battle list detected but has 0 entries. Check Tibia battle list filters (Players/NPCs/Monsters) and ensure the list is visible in the capture. (diag: icon=True bottom=True grace=False)
[22:19:37][fenril][info] cave_enabled=True runToCreatures=True way=waypoint coord=(32660, 31664, 6) task=walk root=walkToWaypoint reason=set task: walk
[22:19:39][fenril][info] cave_enabled=True runToCreatures=True way=waypoint coord=(32656, 31666, 6) task=walk root=walkToWaypoint reason=set task: walk
[22:19:41][fenril][info] cave_enabled=True runToCreatures=True way=waypoint coord=(32656, 31671, 6) task=walk root=walkToWaypoint reason=set task: walk
[22:19:43][fenril][info] cave_enabled=True runToCreatures=True way=waypoint coord=(32656, 31675, 7) task=walk root=walkToWaypoint reason=set task: walk
[22:19:45][fenril][info] cave_enabled=True runToCreatures=True way=waypoint coord=(32656, 31680, 7) task=walk root=walkToWaypoint reason=set task: walk
[22:19:47][fenril][warn] Battle list detected but has 0 entries. Check Tibia battle list filters (Players/NPCs/Monsters) and ensure the list is visible in the capture. (diag: icon=True bottom=True grace=False)
[22:19:47][fenril][info] cave_enabled=True runToCreatures=True way=waypoint coord=(32654, 31682, 7) task=walk root=walkToWaypoint reason=set task: walk
[22:19:49][fenril][info] cave_enabled=True runToCreatures=True way=waypoint coord=(32653, 31686, 7) task=walk root=walkToWaypoint reason=set task: walk
[22:19:51][fenril][info] cave_enabled=True runToCreatures=True way=waypoint coord=(32649, 31688, 7) task=walk root=walkToWaypoint reason=set task: walk
[22:19:53][fenril][info] cave_enabled=True runToCreatures=True way=waypoint coord=(32646, 31691, 7) task=walk root=walkToWaypoint reason=set task: walk
[22:19:55][fenril][info] cave_enabled=True runToCreatures=True way=waypoint coord=(32645, 31695, 7) task=walk root=walkToWaypoint reason=set task: walk
[22:19:57][fenril][warn] Battle list detected but has 0 entries. Check Tibia battle list filters (Players/NPCs/Monsters) and ensure the list is visible in the capture. (diag: icon=True bottom=True grace=False)
[22:19:57][fenril][info] cave_enabled=True runToCreatures=True way=waypoint coord=(32645, 31700, 7) task=walk root=walkToWaypoint reason=set task: walk
[22:19:59][fenril][info] cave_enabled=True runToCreatures=True way=waypoint coord=(32645, 31704, 7) task=walk root=walkToWaypoint reason=set task: walk
[22:20:01][fenril][info] cave_enabled=True runToCreatures=True way=waypoint coord=(32643, 31706, 7) task=walk root=walkToWaypoint reason=set task: walk
[22:20:03][fenril][info] cave_enabled=True runToCreatures=True way=waypoint coord=(32641, 31709, 7) task=walk root=walkToWaypoint reason=set task: walk
[22:20:05][fenril][info] cave_enabled=True runToCreatures=True way=waypoint coord=(32640, 31712, 7) task=walk root=walkToWaypoint reason=set task: walk
[22:20:07][fenril][warn] Battle list detected but has 0 entries. Check Tibia battle list filters (Players/NPCs/Monsters) and ensure the list is visible in the capture. (diag: icon=True bottom=True grace=False)
[22:20:07][fenril][info] cave_enabled=True runToCreatures=True way=waypoint coord=(32636, 31713, 7) task=walk root=walkToWaypoint reason=set task: walk
[22:20:09][fenril][info] cave_enabled=True runToCreatures=True way=waypoint coord=(32633, 31713, 7) task=walk root=walkToWaypoint reason=set task: walk
[22:20:12][fenril][info] cave_enabled=True runToCreatures=True way=waypoint coord=(32628, 31713, 7) task=walk root=walkToWaypoint reason=set task: walk
[22:20:14][fenril][info] cave_enabled=True runToCreatures=True way=waypoint coord=(32625, 31713, 7) task=walkToWaypoint root=None reason=set task: walk
[22:20:16][fenril][info] cave_enabled=True runToCreatures=True way=waypoint coord=(32617, 31713, 7) task=walk root=walkToWaypoint reason=set task: walk
[22:20:18][fenril][info] cave_enabled=True runToCreatures=True way=waypoint coord=(32616, 31716, 7) task=walk root=walkToWaypoint reason=set task: walk
[22:20:20][fenril][info] cave_enabled=True runToCreatures=True way=waypoint coord=(32613, 31717, 7) task=walk root=walkToWaypoint reason=set task: walk
[22:20:22][fenril][info] cave_enabled=True runToCreatures=True way=waypoint coord=(32611, 31715, 7) task=walk root=walkToWaypoint reason=set task: walk
[22:20:24][fenril][info] cave_enabled=True runToCreatures=True way=waypoint coord=(32611, 31711, 7) task=walk root=walkToWaypoint reason=set task: walk
[22:20:26][fenril][info] cave_enabled=True runToCreatures=True way=waypoint coord=(32611, 31707, 7) task=walk root=walkToWaypoint reason=set task: walk
[22:20:28][fenril][info] cave_enabled=True runToCreatures=True way=waypoint coord=(32609, 31705, 7) task=walk root=walkToWaypoint reason=set task: walk
[22:20:30][fenril][info] cave_enabled=True runToCreatures=True way=waypoint coord=(32607, 31702, 7) task=setNextWaypoint root=walkToWaypoint reason=set task: walk
[22:20:30][fenril][info] input: attack click raw=(1652, 479) abs=(1652, 502) cap_rect=(1920, 23, 1920, 1009) act_rect=(0, 23, 1920, 1009) modifier='none' button='left' focused=False
[22:20:30][fenril][info] input: attack click sent backend='pyautogui'
[22:20:30][fenril][info] Tick reason changed: attack click: battleList[?]
[22:20:31][fenril][info] input: attack click raw=(1652, 479) abs=(1652, 502) cap_rect=(1920, 23, 1920, 1009) act_rect=(0, 23, 1920, 1009) modifier='none' button='left' focused=False
[22:20:31][fenril][info] input: attack click sent backend='pyautogui'
[22:20:32][fenril][info] cave_enabled=True runToCreatures=True way=waypoint coord=(32607, 31702, 7) task=clickInClosestCreature root=attackClosestCreature reason=attack click: battleList[?]
[22:20:33][fenril][info] input: attack click raw=(1652, 479) abs=(1652, 502) cap_rect=(1920, 23, 1920, 1009) act_rect=(0, 23, 1920, 1009) modifier='none' button='left' focused=False
[22:20:33][fenril][info] input: attack click sent backend='pyautogui'
[22:20:34][fenril][info] input: attack click raw=(1652, 479) abs=(1652, 502) cap_rect=(1920, 23, 1920, 1009) act_rect=(0, 23, 1920, 1009) modifier='none' button='left' focused=False
[22:20:34][fenril][info] input: attack click sent backend='pyautogui'
[22:20:34][fenril][info] cave_enabled=True runToCreatures=True way=waypoint coord=(32607, 31702, 7) task=clickInClosestCreature root=attackClosestCreature reason=attack click: battleList[?]
[22:20:35][fenril][info] input: attack click raw=(1652, 479) abs=(1652, 502) cap_rect=(1920, 23, 1920, 1009) act_rect=(0, 23, 1920, 1009) modifier='none' button='left' focused=False
[22:20:35][fenril][info] input: attack click sent backend='pyautogui'
[22:20:36][fenril][info] input: attack click raw=(1652, 479) abs=(1652, 502) cap_rect=(1920, 23, 1920, 1009) act_rect=(0, 23, 1920, 1009) modifier='none' button='left' focused=False
[22:20:36][fenril][info] input: attack click sent backend='pyautogui'
[22:20:36][fenril][info] cave_enabled=True runToCreatures=True way=waypoint coord=(32607, 31702, 7) task=clickInClosestCreature root=attackClosestCreature reason=attack click: battleList[?]
[22:20:37][fenril][info] input: attack click raw=(1652, 479) abs=(1652, 502) cap_rect=(1920, 23, 1920, 1009) act_rect=(0, 23, 1920, 1009) modifier='none' button='left' focused=False
[22:20:37][fenril][info] input: attack click sent backend='pyautogui'
[22:20:38][fenril][info] input: attack click raw=(1652, 479) abs=(1652, 502) cap_rect=(1920, 23, 1920, 1009) act_rect=(0, 23, 1920, 1009) modifier='none' button='left' focused=False
[22:20:38][fenril][info] input: attack click sent backend='pyautogui'
[22:20:39][fenril][info] cave_enabled=True runToCreatures=True way=waypoint coord=(32607, 31702, 7) task=setNextWaypoint root=walkToWaypoint reason=set task: walk
[22:20:39][fenril][info] Tick reason changed: set task: walk
[22:20:40][fenril][info] input: attack click raw=(1652, 479) abs=(1652, 502) cap_rect=(1920, 23, 1920, 1009) act_rect=(0, 23, 1920, 1009) modifier='none' button='left' focused=False
[22:20:40][fenril][info] input: attack click sent backend='pyautogui'
[22:20:40][fenril][info] Tick reason changed: attack click: battleList[?]
[22:20:41][fenril][info] input: attack click raw=(1652, 479) abs=(1652, 502) cap_rect=(1920, 23, 1920, 1009) act_rect=(0, 23, 1920, 1009) modifier='none' button='left' focused=False
[22:20:41][fenril][info] input: attack click sent backend='pyautogui'
[22:20:41][fenril][info] cave_enabled=True runToCreatures=True way=waypoint coord=(32607, 31702, 7) task=clickInClosestCreature root=attackClosestCreature reason=attack click: battleList[?]
[22:20:42][fenril][info] input: attack click raw=(1652, 479) abs=(1652, 502) cap_rect=(1920, 23, 1920, 1009) act_rect=(0, 23, 1920, 1009) modifier='none' button='left' focused=False
[22:20:42][fenril][info] input: attack click sent backend='pyautogui'
[22:20:43][fenril][info] input: attack click raw=(1652, 479) abs=(1652, 502) cap_rect=(1920, 23, 1920, 1009) act_rect=(0, 23, 1920, 1009) modifier='none' button='left' focused=False
[22:20:43][fenril][info] input: attack click sent backend='pyautogui'
[22:20:43][fenril][info] cave_enabled=True runToCreatures=True way=waypoint coord=(32607, 31702, 7) task=clickInClosestCreature root=attackClosestCreature reason=attack click: battleList[?]
[22:20:44][fenril][info] input: attack click raw=(1652, 479) abs=(1652, 502) cap_rect=(1920, 23, 1920, 1009) act_rect=(0, 23, 1920, 1009) modifier='none' button='left' focused=False
[22:20:44][fenril][info] input: attack click sent backend='pyautogui'
[22:20:45][fenril][info] input: attack click raw=(1652, 479) abs=(1652, 502) cap_rect=(1920, 23, 1920, 1009) act_rect=(0, 23, 1920, 1009) modifier='none' button='left' focused=False
[22:20:45][fenril][info] input: attack click sent backend='pyautogui'
[22:20:45][fenril][info] cave_enabled=True runToCreatures=True way=waypoint coord=(32607, 31702, 7) task=clickInClosestCreature root=attackClosestCreature reason=attack click: battleList[?]
[22:20:46][fenril][info] input: attack click raw=(1652, 479) abs=(1652, 502) cap_rect=(1920, 23, 1920, 1009) act_rect=(0, 23, 1920, 1009) modifier='none' button='left' focused=False
[22:20:46][fenril][info] input: attack click sent backend='pyautogui'
[22:20:47][fenril][info] input: attack click raw=(1652, 479) abs=(1652, 502) cap_rect=(1920, 23, 1920, 1009) act_rect=(0, 23, 1920, 1009) modifier='none' button='left' focused=False
[22:20:47][fenril][info] input: attack click sent backend='pyautogui'
[22:20:47][fenril][info] cave_enabled=True runToCreatures=True way=waypoint coord=(32607, 31702, 7) task=clickInClosestCreature root=attackClosestCreature reason=attack click: battleList[?]
[22:20:48][fenril][info] input: attack click raw=(1652, 479) abs=(1652, 502) cap_rect=(1920, 23, 1920, 1009) act_rect=(0, 23, 1920, 1009) modifier='none' button='left' focused=False
[22:20:48][fenril][info] input: attack click sent backend='pyautogui'
[22:20:49][fenril][info] input: attack click raw=(1652, 479) abs=(1652, 502) cap_rect=(1920, 23, 1920, 1009) act_rect=(0, 23, 1920, 1009) modifier='none' button='left' focused=False
[22:20:49][fenril][info] input: attack click sent backend='pyautogui'
[22:20:49][fenril][info] cave_enabled=True runToCreatures=True way=waypoint coord=(32607, 31702, 7) task=clickInClosestCreature root=attackClosestCreature reason=attack click: battleList[?]
[22:20:50][fenril][info] input: attack click raw=(1652, 479) abs=(1652, 502) cap_rect=(1920, 23, 1920, 1009) act_rect=(0, 23, 1920, 1009) modifier='none' button='left' focused=False
[22:20:50][fenril][info] input: attack click sent backend='pyautogui'
[22:20:51][fenril][info] input: attack click raw=(1652, 479) abs=(1652, 502) cap_rect=(1920, 23, 1920, 1009) act_rect=(0, 23, 1920, 1009) modifier='none' button='left' focused=False
[22:20:51][fenril][info] input: attack click sent backend='pyautogui'
[22:20:52][fenril][info] cave_enabled=True runToCreatures=True way=waypoint coord=(32607, 31702, 7) task=clickInClosestCreature root=attackClosestCreature reason=attack click: battleList[?]
[22:20:52][fenril][info] input: attack click raw=(1652, 479) abs=(1652, 502) cap_rect=(1920, 23, 1920, 1009) act_rect=(0, 23, 1920, 1009) modifier='none' button='left' focused=False
[22:20:52][fenril][info] input: attack click sent backend='pyautogui'
[22:20:54][fenril][info] cave_enabled=True runToCreatures=True way=waypoint coord=(32607, 31702, 7) task=setNextWaypoint root=walkToWaypoint reason=set task: walk
[22:20:54][fenril][info] Tick reason changed: set task: walk
[22:20:54][fenril][info] input: attack click raw=(1652, 479) abs=(1652, 502) cap_rect=(1920, 23, 1920, 1009) act_rect=(0, 23, 1920, 1009) modifier='none' button='left' focused=False
[22:20:54][fenril][info] input: attack click sent backend='pyautogui'
[22:20:54][fenril][info] Tick reason changed: attack click: battleList[?]
[22:20:56][fenril][info] input: attack click raw=(1652, 479) abs=(1652, 502) cap_rect=(1920, 23, 1920, 1009) act_rect=(0, 23, 1920, 1009) modifier='none' button='left' focused=False
[22:20:56][fenril][info] input: attack click sent backend='pyautogui'
[22:20:56][fenril][info] cave_enabled=True runToCreatures=True way=waypoint coord=(32607, 31702, 7) task=clickInClosestCreature root=attackClosestCreature reason=attack click: battleList[?]
[22:20:57][fenril][info] input: attack click raw=(1652, 479) abs=(1652, 502) cap_rect=(1920, 23, 1920, 1009) act_rect=(0, 23, 1920, 1009) modifier='none' button='left' focused=False
[22:20:57][fenril][info] input: attack click sent backend='pyautogui'
[22:20:58][fenril][info] input: attack click raw=(1652, 479) abs=(1652, 502) cap_rect=(1920, 23, 1920, 1009) act_rect=(0, 23, 1920, 1009) modifier='none' button='left' focused=False
[22:20:58][fenril][info] input: attack click sent backend='pyautogui'
[22:20:58][fenril][info] cave_enabled=True runToCreatures=True way=waypoint coord=(32607, 31702, 7) task=clickInClosestCreature root=attackClosestCreature reason=attack click: battleList[?]
[22:20:59][fenril][info] input: attack click raw=(1652, 479) abs=(1652, 502) cap_rect=(1920, 23, 1920, 1009) act_rect=(0, 23, 1920, 1009) modifier='none' button='left' focused=False
[22:20:59][fenril][info] input: attack click sent backend='pyautogui'
[22:21:00][fenril][info] input: attack click raw=(1652, 479) abs=(1652, 502) cap_rect=(1920, 23, 1920, 1009) act_rect=(0, 23, 1920, 1009) modifier='none' button='left' focused=False
[22:21:00][fenril][info] input: attack click sent backend='pyautogui'
[22:21:00][fenril][info] cave_enabled=True runToCreatures=True way=waypoint coord=(32607, 31702, 7) task=clickInClosestCreature root=attackClosestCreature reason=attack click: battleList[?]
[22:21:01][fenril][info] input: attack click raw=(1652, 479) abs=(1652, 502) cap_rect=(1920, 23, 1920, 1009) act_rect=(0, 23, 1920, 1009) modifier='none' button='left' focused=False
[22:21:01][fenril][info] input: attack click sent backend='pyautogui'
[22:21:02][fenril][info] input: attack click raw=(1652, 479) abs=(1652, 502) cap_rect=(1920, 23, 1920, 1009) act_rect=(0, 23, 1920, 1009) modifier='none' button='left' focused=False
[22:21:02][fenril][info] input: attack click sent backend='pyautogui'
[22:21:02][fenril][info] cave_enabled=True runToCreatures=True way=waypoint coord=(32607, 31702, 7) task=clickInClosestCreature root=attackClosestCreature reason=attack click: battleList[?]
[22:21:03][fenril][info] input: attack click raw=(1652, 479) abs=(1652, 502) cap_rect=(1920, 23, 1920, 1009) act_rect=(0, 23, 1920, 1009) modifier='none' button='left' focused=False
[22:21:03][fenril][info] input: attack click sent backend='pyautogui'
[22:21:04][fenril][info] input: attack click raw=(1652, 479) abs=(1652, 502) cap_rect=(1920, 23, 1920, 1009) act_rect=(0, 23, 1920, 1009) modifier='none' button='left' focused=False
[22:21:04][fenril][info] input: attack click sent backend='pyautogui'
[22:21:04][fenril][info] cave_enabled=True runToCreatures=True way=waypoint coord=(32607, 31702, 7) task=clickInClosestCreature root=attackClosestCreature reason=attack click: battleList[?]
[22:21:05][fenril][info] input: attack click raw=(1652, 479) abs=(1652, 502) cap_rect=(1920, 23, 1920, 1009) act_rect=(0, 23, 1920, 1009) modifier='none' button='left' focused=False
[22:21:05][fenril][info] input: attack click sent backend='pyautogui'
[22:21:06][fenril][info] input: attack click raw=(1652, 479) abs=(1652, 502) cap_rect=(1920, 23, 1920, 1009) act_rect=(0, 23, 1920, 1009) modifier='none' button='left' focused=False
[22:21:06][fenril][info] input: attack click sent backend='pyautogui'
[22:21:06][fenril][info] cave_enabled=True runToCreatures=True way=waypoint coord=(32607, 31702, 7) task=clickInClosestCreature root=attackClosestCreature reason=attack click: battleList[?]
[22:21:07][fenril][info] input: attack click raw=(1652, 479) abs=(1652, 502) cap_rect=(1920, 23, 1920, 1009) act_rect=(0, 23, 1920, 1009) modifier='none' button='left' focused=False
[22:21:07][fenril][info] input: attack click sent backend='pyautogui'
[22:21:08][fenril][info] input: attack click raw=(1652, 479) abs=(1652, 502) cap_rect=(1920, 23, 1920, 1009) act_rect=(0, 23, 1920, 1009) modifier='none' button='left' focused=False
[22:21:08][fenril][info] input: attack click sent backend='pyautogui'
[22:21:08][fenril][info] cave_enabled=True runToCreatures=True way=waypoint coord=(32607, 31702, 7) task=clickInClosestCreature root=attackClosestCreature reason=attack click: battleList[?]
[22:21:09][fenril][info] input: attack click raw=(1652, 479) abs=(1652, 502) cap_rect=(1920, 23, 1920, 1009) act_rect=(0, 23, 1920, 1009) modifier='none' button='left' focused=False
[22:21:09][fenril][info] input: attack click sent backend='pyautogui'
[22:21:10][fenril][info] input: attack click raw=(1652, 479) abs=(1652, 502) cap_rect=(1920, 23, 1920, 1009) act_rect=(0, 23, 1920, 1009) modifier='none' button='left' focused=False
[22:21:10][fenril][info] input: attack click sent backend='pyautogui'
[22:21:10][fenril][info] cave_enabled=True runToCreatures=True way=waypoint coord=(32607, 31702, 7) task=clickInClosestCreature root=attackClosestCreature reason=attack click: battleList[?]
[22:21:11][fenril][info] input: attack click raw=(1652, 479) abs=(1652, 502) cap_rect=(1920, 23, 1920, 1009) act_rect=(0, 23, 1920, 1009) modifier='none' button='left' focused=False
[22:21:11][fenril][info] input: attack click sent backend='pyautogui'
[22:21:12][fenril][info] input: attack click raw=(1652, 479) abs=(1652, 502) cap_rect=(1920, 23, 1920, 1009) act_rect=(0, 23, 1920, 1009) modifier='none' button='left' focused=False
[22:21:12][fenril][info] input: attack click sent backend='pyautogui'
[22:21:12][fenril][info] cave_enabled=True runToCreatures=True way=waypoint coord=(32607, 31702, 7) task=clickInClosestCreature root=attackClosestCreature reason=attack click: battleList[?]
[22:21:13][fenril][info] input: attack click raw=(1652, 479) abs=(1652, 502) cap_rect=(1920, 23, 1920, 1009) act_rect=(0, 23, 1920, 1009) modifier='none' button='left' focused=False
[22:21:13][fenril][info] input: attack click sent backend='pyautogui'
[22:21:14][fenril][info] cave_enabled=True runToCreatures=True way=waypoint coord=(32607, 31702, 7) task=walkToTargetCreature root=attackClosestCreature reason=attack click: battleList[?]
[22:21:14][fenril][info] input: attack click raw=(1652, 479) abs=(1652, 502) cap_rect=(1920, 23, 1920, 1009) act_rect=(0, 23, 1920, 1009) modifier='none' button='left' focused=False
[22:21:14][fenril][info] input: attack click sent backend='pyautogui'
[22:21:16][fenril][info] input: attack click raw=(1652, 479) abs=(1652, 502) cap_rect=(1920, 23, 1920, 1009) act_rect=(0, 23, 1920, 1009) modifier='none' button='left' focused=False
[22:21:16][fenril][info] input: attack click sent backend='pyautogui'
[22:21:16][fenril][info] cave_enabled=True runToCreatures=True way=waypoint coord=(32607, 31702, 7) task=clickInClosestCreature root=attackClosestCreature reason=attack click: battleList[?]
[22:21:17][fenril][info] input: attack click raw=(1652, 479) abs=(1652, 502) cap_rect=(1920, 23, 1920, 1009) act_rect=(0, 23, 1920, 1009) modifier='none' button='left' focused=False
[22:21:17][fenril][info] input: attack click sent backend='pyautogui'
[22:21:18][fenril][info] input: attack click raw=(1652, 479) abs=(1652, 502) cap_rect=(1920, 23, 1920, 1009) act_rect=(0, 23, 1920, 1009) modifier='none' button='left' focused=False
[22:21:18][fenril][info] input: attack click sent backend='pyautogui'
[22:21:18][fenril][info] cave_enabled=True runToCreatures=True way=waypoint coord=(32607, 31702, 7) task=clickInClosestCreature root=attackClosestCreature reason=attack click: battleList[?]
[22:21:19][fenril][info] input: attack click raw=(1652, 479) abs=(1652, 502) cap_rect=(1920, 23, 1920, 1009) act_rect=(0, 23, 1920, 1009) modifier='none' button='left' focused=False
[22:21:19][fenril][info] input: attack click sent backend='pyautogui'
[22:21:20][fenril][info] input: attack click raw=(1652, 479) abs=(1652, 502) cap_rect=(1920, 23, 1920, 1009) act_rect=(0, 23, 1920, 1009) modifier='none' button='left' focused=False
[22:21:20][fenril][info] input: attack click sent backend='pyautogui'
[22:21:21][fenril][info] cave_enabled=True runToCreatures=True way=waypoint coord=(32607, 31702, 7) task=clickInClosestCreature root=attackClosestCreature reason=attack click: battleList[?]
[22:21:21][fenril][info] input: attack click raw=(1652, 479) abs=(1652, 502) cap_rect=(1920, 23, 1920, 1009) act_rect=(0, 23, 1920, 1009) modifier='none' button='left' focused=False
[22:21:21][fenril][info] input: attack click sent backend='pyautogui'
[22:21:22][fenril][info] input: attack click raw=(1652, 479) abs=(1652, 502) cap_rect=(1920, 23, 1920, 1009) act_rect=(0, 23, 1920, 1009) modifier='none' button='left' focused=False
[22:21:22][fenril][info] input: attack click sent backend='pyautogui'
[22:21:23][fenril][info] cave_enabled=True runToCreatures=True way=waypoint coord=(32607, 31702, 7) task=clickInClosestCreature root=attackClosestCreature reason=attack click: battleList[?]
[22:21:23][fenril][info] input: attack click raw=(1652, 479) abs=(1652, 502) cap_rect=(1920, 23, 1920, 1009) act_rect=(0, 23, 1920, 1009) modifier='none' button='left' focused=False
[22:21:23][fenril][info] input: attack click sent backend='pyautogui'
[22:21:24][fenril][info] input: attack click raw=(1652, 479) abs=(1652, 502) cap_rect=(1920, 23, 1920, 1009) act_rect=(0, 23, 1920, 1009) modifier='none' button='left' focused=False
[22:21:24][fenril][info] input: attack click sent backend='pyautogui'
[22:21:25][fenril][info] cave_enabled=True runToCreatures=True way=waypoint coord=(32607, 31702, 7) task=clickInClosestCreature root=attackClosestCreature reason=attack click: battleList[?]
[22:21:25][fenril][info] input: attack click raw=(1652, 479) abs=(1652, 502) cap_rect=(1920, 23, 1920, 1009) act_rect=(0, 23, 1920, 1009) modifier='none' button='left' focused=False
[22:21:25][fenril][info] input: attack click sent backend='pyautogui'
[22:21:26][fenril][info] input: attack click raw=(1652, 479) abs=(1652, 502) cap_rect=(1920, 23, 1920, 1009) act_rect=(0, 23, 1920, 1009) modifier='none' button='left' focused=False
[22:21:26][fenril][info] input: attack click sent backend='pyautogui'
[22:21:27][fenril][info] cave_enabled=True runToCreatures=True way=waypoint coord=(32607, 31702, 7) task=clickInClosestCreature root=attackClosestCreature reason=attack click: battleList[?]
[22:21:27][fenril][info] input: attack click raw=(1652, 479) abs=(1652, 502) cap_rect=(1920, 23, 1920, 1009) act_rect=(0, 23, 1920, 1009) modifier='none' button='left' focused=False
[22:21:27][fenril][info] input: attack click sent backend='pyautogui'
[22:21:28][fenril][info] input: attack click raw=(1652, 479) abs=(1652, 502) cap_rect=(1920, 23, 1920, 1009) act_rect=(0, 23, 1920, 1009) modifier='none' button='left' focused=False
[22:21:28][fenril][info] input: attack click sent backend='pyautogui'
[22:21:29][fenril][info] cave_enabled=True runToCreatures=True way=waypoint coord=(32607, 31702, 7) task=clickInClosestCreature root=attackClosestCreature reason=attack click: battleList[?]
[22:21:29][fenril][info] input: attack click raw=(1652, 479) abs=(1652, 502) cap_rect=(1920, 23, 1920, 1009) act_rect=(0, 23, 1920, 1009) modifier='none' button='left' focused=False
[22:21:29][fenril][info] input: attack click sent backend='pyautogui'
[22:21:30][fenril][info] input: attack click raw=(1652, 501) abs=(1652, 524) cap_rect=(1920, 23, 1920, 1009) act_rect=(0, 23, 1920, 1009) modifier='none' button='left' focused=False
[22:21:30][fenril][info] input: attack click sent backend='pyautogui'
[22:21:31][fenril][info] cave_enabled=True runToCreatures=True way=waypoint coord=(32607, 31702, 7) task=clickInClosestCreature root=attackClosestCreature reason=attack click: battleList[?]
[22:21:31][fenril][info] input: attack click raw=(1652, 479) abs=(1652, 502) cap_rect=(1920, 23, 1920, 1009) act_rect=(0, 23, 1920, 1009) modifier='none' button='left' focused=False
[22:21:31][fenril][info] input: attack click sent backend='pyautogui'
[22:21:32][fenril][info] input: attack click raw=(1652, 479) abs=(1652, 502) cap_rect=(1920, 23, 1920, 1009) act_rect=(0, 23, 1920, 1009) modifier='none' button='left' focused=False
[22:21:32][fenril][info] input: attack click sent backend='pyautogui'
[22:21:33][fenril][info] cave_enabled=True runToCreatures=True way=waypoint coord=(32607, 31702, 7) task=clickInClosestCreature root=attackClosestCreature reason=attack click: battleList[?]
[22:21:33][fenril][info] input: attack click raw=(1652, 479) abs=(1652, 502) cap_rect=(1920, 23, 1920, 1009) act_rect=(0, 23, 1920, 1009) modifier='none' button='left' focused=False
[22:21:33][fenril][info] input: attack click sent backend='pyautogui'
[22:21:35][fenril][info] input: attack click raw=(1652, 501) abs=(1652, 524) cap_rect=(1920, 23, 1920, 1009) act_rect=(0, 23, 1920, 1009) modifier='none' button='left' focused=False
[22:21:35][fenril][info] input: attack click sent backend='pyautogui'
[22:21:35][fenril][info] cave_enabled=True runToCreatures=True way=waypoint coord=(32607, 31702, 7) task=clickInClosestCreature root=attackClosestCreature reason=attack click: battleList[?]
[22:21:36][fenril][info] input: attack click raw=(1652, 479) abs=(1652, 502) cap_rect=(1920, 23, 1920, 1009) act_rect=(0, 23, 1920, 1009) modifier='none' button='left' focused=False
[22:21:36][fenril][info] input: attack click sent backend='pyautogui'
[22:21:37][fenril][info] input: attack click raw=(1652, 479) abs=(1652, 502) cap_rect=(1920, 23, 1920, 1009) act_rect=(0, 23, 1920, 1009) modifier='none' button='left' focused=False
[22:21:37][fenril][info] input: attack click sent backend='pyautogui'
[22:21:37][fenril][info] cave_enabled=True runToCreatures=True way=waypoint coord=(32607, 31702, 7) task=clickInClosestCreature root=attackClosestCreature reason=attack click: battleList[?]
[22:21:38][fenril][info] Tick reason changed: idle (no target to attack)
[22:21:39][fenril][info] cave_enabled=True runToCreatures=True way=waypoint coord=(32607, 31702, 7) task=clickInClosestCreature root=attackClosestCreature reason=idle (no target to attack)
[22:21:41][fenril][info] cave_enabled=True runToCreatures=True way=waypoint coord=(32607, 31702, 7) task=clickInClosestCreature root=attackClosestCreature reason=idle (no target to attack)
[22:21:43][fenril][info] cave_enabled=True runToCreatures=True way=waypoint coord=(32607, 31702, 7) task=clickInClosestCreature root=attackClosestCreature reason=idle (no target to attack)
[22:21:45][fenril][info] cave_enabled=True runToCreatures=True way=waypoint coord=(32607, 31702, 7) task=clickInClosestCreature root=attackClosestCreature reason=idle (no target to attack)
[22:21:47][fenril][info] cave_enabled=True runToCreatures=True way=waypoint coord=(32607, 31702, 7) task=clickInClosestCreature root=attackClosestCreature reason=idle (no target to attack)
[22:21:49][fenril][info] cave_enabled=True runToCreatures=True way=waypoint coord=(32607, 31702, 7) task=clickInClosestCreature root=attackClosestCreature reason=idle (no target to attack)
[22:21:51][fenril][info] cave_enabled=True runToCreatures=True way=waypoint coord=(32607, 31702, 7) task=clickInClosestCreature root=attackClosestCreature reason=idle (no target to attack)
[22:21:51][fenril][info] Tick reason changed: set task: walk
