[17:58:35][fenril][info] battleList: icon=True content=True bottom=True
[17:58:35][fenril][info] targeting: monsters=0 bl=0 blIcon=True blContent=True blBottom=True hasCreaturesToAttack=False canIgnore=True hasIgnorable=False closest=None target=None
[17:58:35][fenril][info] cave_enabled=True runToCreatures=True way=waypoint coord=(32679, 31689, 7) task=rightClickUse root=useLadderWaypoint reason=set task: useLadder
[17:58:35][fenril][info] Tick reason changed: set task: useLadder
[17:58:37][fenril][info] cave_enabled=True runToCreatures=True way=waypoint coord=(32679, 31689, 7) task=rightClickUse root=useLadderWaypoint reason=set task: useLadder
[17:58:38][fenril][info] battleList: icon=True content=False bottom=False
[17:58:38][fenril][info] targeting: monsters=0 bl=0 blIcon=True blContent=False blBottom=False hasCreaturesToAttack=False canIgnore=True hasIgnorable=False closest=None target=None
[17:58:38][fenril][info] cave_enabled=True runToCreatures=True way=waypoint coord=(32679, 31689, 7) task=rightClickUse root=useLadderWaypoint reason=set task: useLadder
[17:58:38][fenril][info] cave_enabled=True runToCreatures=True way=waypoint coord=(32679, 31689, 7) task=useLadderWaypoint root=None reason=set task: useLadder
[17:58:39][fenril][info] cave_enabled=True runToCreatures=True way=waypoint coord=(32679, 31689, 7) task=useLadderWaypoint root=None reason=set task: useLadder
[17:58:40][fenril][info] battleList: icon=True content=False bottom=False
[17:58:40][fenril][info] targeting: monsters=0 bl=0 blIcon=True blContent=False blBottom=False hasCreaturesToAttack=False canIgnore=True hasIgnorable=False closest=None target=None
[17:58:40][fenril][info] cave_enabled=True runToCreatures=True way=waypoint coord=(32679, 31689, 7) task=rightClickUse root=useLadderWaypoint reason=set task: useLadder
[17:58:40][fenril][info] cave_enabled=True runToCreatures=True way=waypoint coord=(32679, 31689, 7) task=useLadderWaypoint root=None reason=set task: useLadder
[17:58:41][fenril][info] cave_enabled=True runToCreatures=True way=waypoint coord=(32679, 31689, 7) task=rightClickUse root=useLadderWaypoint reason=set task: useLadder
[17:58:42][fenril][info] battleList: icon=False content=False bottom=False
[17:58:43][fenril][info] targeting: monsters=0 bl=0 blIcon=False blContent=False blBottom=False hasCreaturesToAttack=False canIgnore=True hasIgnorable=False closest=None target=None
[17:58:43][fenril][info] cave_enabled=True runToCreatures=True way=waypoint coord=(32679, 31689, 7) task=rightClickUse root=useLadderWaypoint reason=set task: useLadder
[17:58:43][fenril][info] Tick reason changed: set task: walk
[17:58:43][fenril][info] cave_enabled=True runToCreatures=True way=waypoint coord=(32679, 31689, 7) task=walk root=walkToWaypoint reason=set task: walk
[17:58:44][fenril][info] cave_enabled=True runToCreatures=True way=waypoint coord=(32679, 31689, 7) task=walk root=walkToWaypoint reason=set task: walk
[17:58:44][fenril][info] cave_enabled=True runToCreatures=True way=waypoint coord=(32679, 31689, 7) task=walk root=walkToWaypoint reason=set task: walk
[17:58:44][fenril][info] battleList: icon=True content=True bottom=True
[17:58:45][fenril][info] targeting: monsters=0 bl=0 blIcon=True blContent=True blBottom=True hasCreaturesToAttack=False canIgnore=True hasIgnorable=False closest=None target=None
[17:58:45][fenril][info] cave_enabled=True runToCreatures=True way=waypoint coord=(32679, 31689, 7) task=walk root=walkToWaypoint reason=set task: walk
[17:58:45][fenril][info] cave_enabled=True runToCreatures=True way=waypoint coord=(32679, 31689, 7) task=walk root=walkToWaypoint reason=set task: walk
[17:58:46][fenril][info] cave_enabled=True runToCreatures=True way=waypoint coord=(32679, 31689, 7) task=walk root=walkToWaypoint reason=set task: walk
